[debug] [2023-09-15T10:40:01.004Z] ----------------------------------------------------------------------
[debug] [2023-09-15T10:40:01.006Z] Command:       /Users/leventebotos/.nvm/versions/node/v20.3.1/bin/node /usr/local/bin/firebase deploy
[debug] [2023-09-15T10:40:01.006Z] CLI Version:   12.4.0
[debug] [2023-09-15T10:40:01.006Z] Platform:      darwin
[debug] [2023-09-15T10:40:01.006Z] Node Version:  v20.3.1
[debug] [2023-09-15T10:40:01.006Z] Time:          Fri Sep 15 2023 12:40:01 GMT+0200 (GMT+02:00)
[debug] [2023-09-15T10:40:01.006Z] ----------------------------------------------------------------------
[debug] 
[debug] [2023-09-15T10:40:01.041Z] > command requires scopes: ["email","openid","https://www.googleapis.com/auth/cloudplatformprojects.readonly","https://www.googleapis.com/auth/firebase","https://www.googleapis.com/auth/cloud-platform"]
[debug] [2023-09-15T10:40:01.041Z] > authorizing via signed-in user (botos.levente2007@gmail.com)
[debug] [2023-09-15T10:40:01.041Z] [iam] checking project chatapplevente for permissions ["firebase.projects.get","firebasehosting.sites.update"]
[debug] [2023-09-15T10:40:01.042Z] >>> [apiv2][query] POST https://cloudresourcemanager.googleapis.com/v1/projects/chatapplevente:testIamPermissions [none]
[debug] [2023-09-15T10:40:01.042Z] >>> [apiv2][(partial)header] POST https://cloudresourcemanager.googleapis.com/v1/projects/chatapplevente:testIamPermissions x-goog-quota-user=projects/chatapplevente
[debug] [2023-09-15T10:40:01.042Z] >>> [apiv2][body] POST https://cloudresourcemanager.googleapis.com/v1/projects/chatapplevente:testIamPermissions {"permissions":["firebase.projects.get","firebasehosting.sites.update"]}
[debug] [2023-09-15T10:40:01.858Z] <<< [apiv2][status] POST https://cloudresourcemanager.googleapis.com/v1/projects/chatapplevente:testIamPermissions 200
[debug] [2023-09-15T10:40:01.859Z] <<< [apiv2][body] POST https://cloudresourcemanager.googleapis.com/v1/projects/chatapplevente:testIamPermissions {"permissions":["firebase.projects.get","firebasehosting.sites.update"]}
[debug] [2023-09-15T10:40:01.859Z] >>> [apiv2][query] GET https://firebase.googleapis.com/v1beta1/projects/chatapplevente [none]
[debug] [2023-09-15T10:40:02.160Z] <<< [apiv2][status] GET https://firebase.googleapis.com/v1beta1/projects/chatapplevente 200
[debug] [2023-09-15T10:40:02.161Z] <<< [apiv2][body] GET https://firebase.googleapis.com/v1beta1/projects/chatapplevente {"projectId":"chatapplevente","projectNumber":"255039266622","displayName":"chat","name":"projects/chatapplevente","resources":{"hostingSite":"chatapplevente"},"state":"ACTIVE","etag":"1_fc1e69db-65e1-49ef-bf8f-f6559e11901c"}
[debug] [2023-09-15T10:40:03.069Z] >>> [apiv2][query] GET https://firebasehosting.googleapis.com/v1beta1/projects/chatapplevente/sites pageToken=&pageSize=10
[debug] [2023-09-15T10:40:04.051Z] <<< [apiv2][status] GET https://firebasehosting.googleapis.com/v1beta1/projects/chatapplevente/sites 200
[debug] [2023-09-15T10:40:04.051Z] <<< [apiv2][body] GET https://firebasehosting.googleapis.com/v1beta1/projects/chatapplevente/sites {"sites":[{"name":"projects/chatapplevente/sites/chatapplevente","defaultUrl":"https://chatapplevente.web.app","appId":"1:255039266622:web:d6a99021fb6b70d8b8d66f","type":"DEFAULT_SITE"}]}
[debug] [2023-09-15T10:40:04.052Z] >>> [apiv2][query] GET https://firebase.googleapis.com/v1beta1/projects/-/webApps/1:255039266622:web:d6a99021fb6b70d8b8d66f/config [none]
[debug] [2023-09-15T10:40:04.681Z] <<< [apiv2][status] GET https://firebase.googleapis.com/v1beta1/projects/-/webApps/1:255039266622:web:d6a99021fb6b70d8b8d66f/config 200
[debug] [2023-09-15T10:40:04.681Z] <<< [apiv2][body] GET https://firebase.googleapis.com/v1beta1/projects/-/webApps/1:255039266622:web:d6a99021fb6b70d8b8d66f/config {"projectId":"chatapplevente","appId":"1:255039266622:web:d6a99021fb6b70d8b8d66f","storageBucket":"chatapplevente.appspot.com","apiKey":"AIzaSyAIQWjM096WcjZITzx9TSO5ZJwEpzEPkYE","authDomain":"chatapplevente.firebaseapp.com","messagingSenderId":"255039266622"}
[info] 
   Thank you for trying our early preview of Next.js support on Firebase Hosting.
   During the preview, support is best-effort and breaking changes can be expected. Proceed with caution.

   Documentation: https://firebase.google.com/docs/hosting/frameworks/nextjs
   File a bug: https://github.com/firebase/firebase-tools/issues/new?template=bug_report.md
   Submit a feature request: https://github.com/firebase/firebase-tools/issues/new?template=feature_request.md

   We'd love to learn from you. Express your interest in helping us shape the future of Firebase Hosting: https://goo.gle/41enW5X

[debug] [2023-09-15T10:40:09.360Z] Error: Build optimization failed: found page without a React Component as default export in 
pages/Firebase

See https://nextjs.org/docs/messages/page-without-valid-component for more info.

    at /Users/leventebotos/chat/node_modules/next/dist/build/index.js:1226:29
    at async Span.traceAsyncFn (/Users/leventebotos/chat/node_modules/next/dist/trace/trace.js:97:20)
    at async build (/Users/leventebotos/chat/node_modules/next/dist/build/index.js:143:29)
    at async build (/usr/local/lib/node_modules/firebase-tools/lib/frameworks/next/index.js:57:5)
    at async prepareFrameworks (/usr/local/lib/node_modules/firebase-tools/lib/frameworks/index.js:211:33)
    at async deploy (/usr/local/lib/node_modules/firebase-tools/lib/deploy/index.js:55:13)
[error] 
[error] Error: An unexpected error has occurred.
[debug] [2023-09-15T13:11:12.247Z] ----------------------------------------------------------------------
[debug] [2023-09-15T13:11:12.249Z] Command:       /Users/leventebotos/.nvm/versions/node/v20.3.1/bin/node /usr/local/bin/firebase deploy
[debug] [2023-09-15T13:11:12.249Z] CLI Version:   12.4.0
[debug] [2023-09-15T13:11:12.249Z] Platform:      darwin
[debug] [2023-09-15T13:11:12.250Z] Node Version:  v20.3.1
[debug] [2023-09-15T13:11:12.250Z] Time:          Fri Sep 15 2023 15:11:12 GMT+0200 (GMT+02:00)
[debug] [2023-09-15T13:11:12.250Z] ----------------------------------------------------------------------
[debug] 
[debug] [2023-09-15T13:11:12.252Z] >>> [apiv2][query] GET https://firebase-public.firebaseio.com/cli.json [none]
[debug] [2023-09-15T13:11:12.307Z] > command requires scopes: ["email","openid","https://www.googleapis.com/auth/cloudplatformprojects.readonly","https://www.googleapis.com/auth/firebase","https://www.googleapis.com/auth/cloud-platform"]
[debug] [2023-09-15T13:11:12.307Z] > authorizing via signed-in user (botos.levente2007@gmail.com)
[debug] [2023-09-15T13:11:12.307Z] [iam] checking project chatapplevente for permissions ["firebase.projects.get","firebasehosting.sites.update"]
[debug] [2023-09-15T13:11:12.308Z] > refreshing access token with scopes: []
[debug] [2023-09-15T13:11:12.308Z] >>> [apiv2][query] POST https://www.googleapis.com/oauth2/v3/token [none]
[debug] [2023-09-15T13:11:12.308Z] >>> [apiv2][body] POST https://www.googleapis.com/oauth2/v3/token [omitted]
[debug] [2023-09-15T13:11:12.539Z] <<< [apiv2][status] POST https://www.googleapis.com/oauth2/v3/token 200
[debug] [2023-09-15T13:11:12.539Z] <<< [apiv2][body] POST https://www.googleapis.com/oauth2/v3/token [omitted]
[debug] [2023-09-15T13:11:12.598Z] >>> [apiv2][query] POST https://cloudresourcemanager.googleapis.com/v1/projects/chatapplevente:testIamPermissions [none]
[debug] [2023-09-15T13:11:12.599Z] >>> [apiv2][(partial)header] POST https://cloudresourcemanager.googleapis.com/v1/projects/chatapplevente:testIamPermissions x-goog-quota-user=projects/chatapplevente
[debug] [2023-09-15T13:11:12.599Z] >>> [apiv2][body] POST https://cloudresourcemanager.googleapis.com/v1/projects/chatapplevente:testIamPermissions {"permissions":["firebase.projects.get","firebasehosting.sites.update"]}
[debug] [2023-09-15T13:11:12.746Z] <<< [apiv2][status] GET https://firebase-public.firebaseio.com/cli.json 200
[debug] [2023-09-15T13:11:12.746Z] <<< [apiv2][body] GET https://firebase-public.firebaseio.com/cli.json {"cloudBuildErrorAfter":1594252800000,"cloudBuildWarnAfter":1590019200000,"defaultNode10After":1594252800000,"minVersion":"3.0.5","node8DeploysDisabledAfter":1613390400000,"node8RuntimeDisabledAfter":1615809600000,"node8WarnAfter":1600128000000}
[debug] [2023-09-15T13:11:13.435Z] <<< [apiv2][status] POST https://cloudresourcemanager.googleapis.com/v1/projects/chatapplevente:testIamPermissions 200
[debug] [2023-09-15T13:11:13.435Z] <<< [apiv2][body] POST https://cloudresourcemanager.googleapis.com/v1/projects/chatapplevente:testIamPermissions {"permissions":["firebase.projects.get","firebasehosting.sites.update"]}
[debug] [2023-09-15T13:11:13.436Z] >>> [apiv2][query] GET https://firebase.googleapis.com/v1beta1/projects/chatapplevente [none]
[debug] [2023-09-15T13:11:13.793Z] <<< [apiv2][status] GET https://firebase.googleapis.com/v1beta1/projects/chatapplevente 200
[debug] [2023-09-15T13:11:13.793Z] <<< [apiv2][body] GET https://firebase.googleapis.com/v1beta1/projects/chatapplevente {"projectId":"chatapplevente","projectNumber":"255039266622","displayName":"chat","name":"projects/chatapplevente","resources":{"hostingSite":"chatapplevente"},"state":"ACTIVE","etag":"1_fc1e69db-65e1-49ef-bf8f-f6559e11901c"}
[debug] [2023-09-15T13:11:15.014Z] >>> [apiv2][query] GET https://firebasehosting.googleapis.com/v1beta1/projects/chatapplevente/sites pageToken=&pageSize=10
[debug] [2023-09-15T13:11:16.143Z] <<< [apiv2][status] GET https://firebasehosting.googleapis.com/v1beta1/projects/chatapplevente/sites 200
[debug] [2023-09-15T13:11:16.143Z] <<< [apiv2][body] GET https://firebasehosting.googleapis.com/v1beta1/projects/chatapplevente/sites {"sites":[{"name":"projects/chatapplevente/sites/chatapplevente","defaultUrl":"https://chatapplevente.web.app","appId":"1:255039266622:web:d6a99021fb6b70d8b8d66f","type":"DEFAULT_SITE"}]}
[debug] [2023-09-15T13:11:16.143Z] >>> [apiv2][query] GET https://firebase.googleapis.com/v1beta1/projects/-/webApps/1:255039266622:web:d6a99021fb6b70d8b8d66f/config [none]
[debug] [2023-09-15T13:11:17.015Z] <<< [apiv2][status] GET https://firebase.googleapis.com/v1beta1/projects/-/webApps/1:255039266622:web:d6a99021fb6b70d8b8d66f/config 200
[debug] [2023-09-15T13:11:17.016Z] <<< [apiv2][body] GET https://firebase.googleapis.com/v1beta1/projects/-/webApps/1:255039266622:web:d6a99021fb6b70d8b8d66f/config {"projectId":"chatapplevente","appId":"1:255039266622:web:d6a99021fb6b70d8b8d66f","storageBucket":"chatapplevente.appspot.com","apiKey":"AIzaSyAIQWjM096WcjZITzx9TSO5ZJwEpzEPkYE","authDomain":"chatapplevente.firebaseapp.com","messagingSenderId":"255039266622"}
[info] 
   Thank you for trying our early preview of Next.js support on Firebase Hosting.
   During the preview, support is best-effort and breaking changes can be expected. Proceed with caution.

   Documentation: https://firebase.google.com/docs/hosting/frameworks/nextjs
   File a bug: https://github.com/firebase/firebase-tools/issues/new?template=bug_report.md
   Submit a feature request: https://github.com/firebase/firebase-tools/issues/new?template=feature_request.md

   We'd love to learn from you. Express your interest in helping us shape the future of Firebase Hosting: https://goo.gle/41enW5X

[debug] [2023-09-15T13:11:32.567Z] Error: ENOENT: no such file or directory, open '/Users/leventebotos/chat/.next/server/client-reference-manifest.js'
[error] 
[error] Error: An unexpected error has occurred.
